0 info it worked if it ends with ok
1 verbose cli [ '/usr/local/bin/node',
1 verbose cli   '/Users/dmitrizaitsev/npm-global/bin/npm',
1 verbose cli   'run',
1 verbose cli   'test',
1 verbose cli   '--',
1 verbose cli   '--framework=angularjs' ]
2 info using npm@3.5.2
3 info using node@v4.2.3
4 verbose run-script [ 'pretest', 'test', 'posttest' ]
5 info lifecycle @~pretest: @
6 silly lifecycle @~pretest: no script for pretest, continuing
7 info lifecycle @~test: @
8 verbose lifecycle @~test: unsafe-perm in lifecycle true
9 verbose lifecycle @~test: PATH: /Users/dmitrizaitsev/npm-global/lib/node_modules/npm/bin/node-gyp-bin:/Users/dmitrizaitsev/Repos/todomvc/examples/angularjs-componentized/node_modules/.bin:/Users/dmitrizaitsev/npm-global/bin:/opt/local/bin:/opt/local/sbin:/Users/dmitrizaitsev/npm-global/bin:./node_modules/.bin:/usr/bin:/bin:/usr/sbin:/sbin:/usr/local/bin:/opt/X11/bin:/opt/ImageMagick/bin:/usr/texbin:/Users/dmitrizaitsev/.rvm/bin:/Users/dmitrizaitsev/.gem/specs/rubygems.org%80/quick/Marshal.4.8:/opt/nginx/sbin::/usr/local/Cellar/ruby/2.0.0-p195/bin
10 verbose lifecycle @~test: CWD: /Users/dmitrizaitsev/Repos/todomvc/examples/angularjs-componentized
11 silly lifecycle @~test: Args: [ '-c', 'karma start "--framework=angularjs"' ]
12 silly lifecycle @~test: Returned: code: 1  signal: null
13 info lifecycle @~test: Failed to exec test script
14 verbose stack Error: @ test: `karma start "--framework=angularjs"`
14 verbose stack Exit status 1
14 verbose stack     at EventEmitter.<anonymous> (/Users/dmitrizaitsev/npm-global/lib/node_modules/npm/lib/utils/lifecycle.js:232:16)
14 verbose stack     at emitTwo (events.js:87:13)
14 verbose stack     at EventEmitter.emit (events.js:172:7)
14 verbose stack     at ChildProcess.<anonymous> (/Users/dmitrizaitsev/npm-global/lib/node_modules/npm/lib/utils/spawn.js:24:14)
14 verbose stack     at emitTwo (events.js:87:13)
14 verbose stack     at ChildProcess.emit (events.js:172:7)
14 verbose stack     at maybeClose (internal/child_process.js:818:16)
14 verbose stack     at Process.ChildProcess._handle.onexit (internal/child_process.js:211:5)
15 verbose pkgid @
16 verbose cwd /Users/dmitrizaitsev/Repos/todomvc/examples/angularjs-componentized
17 error Darwin 12.6.0
18 error argv "/usr/local/bin/node" "/Users/dmitrizaitsev/npm-global/bin/npm" "run" "test" "--" "--framework=angularjs"
19 error node v4.2.3
20 error npm  v3.5.2
21 error code ELIFECYCLE
22 error @ test: `karma start "--framework=angularjs"`
22 error Exit status 1
23 error Failed at the @ test script 'karma start "--framework=angularjs"'.
23 error Make sure you have the latest version of node.js and npm installed.
23 error If you do, this is most likely a problem with the  package,
23 error not with npm itself.
23 error Tell the author that this fails on your system:
23 error     karma start "--framework=angularjs"
23 error You can get information on how to open an issue for this project with:
23 error     npm bugs
23 error Or if that isn't available, you can get their info via:
23 error     npm owner ls
23 error There is likely additional logging output above.
24 verbose exit [ 1, true ]
